XmlNew1/app/build/outputs/apk/manifest-merger-debug-report.txt
-- Merging decision tree log ---
manifest
ADDED from AndroidManifest.xml:2:1
	xmlns:android
		ADDED from AndroidManifest.xml:2:11
	package
		ADDED from AndroidManifest.xml:3:5
		INJECTED from AndroidManifest.xml:0:0
		INJECTED from AndroidManifest.xml:0:0
	android:versionName
		ADDED from AndroidManifest.xml:5:5
	android:versionCode
		ADDED from AndroidManifest.xml:4:5
		INJECTED from AndroidManifest.xml:0:0
		INJECTED from AndroidManifest.xml:0:0
uses-sdk
ADDED from AndroidManifest.xml:7:5
MERGED from com.android.support:support-v4:21.0.3:15:5
MERGED from com.android.support:recyclerview-v7:21.0.3:15:5
MERGED from com.android.support:support-v4:21.0.3:15:5
	android:targetSdkVersion
		INJECTED from AndroidManifest.xml:0:0
		INJECTED from AndroidManifest.xml:0:0
	android:minSdkVersion
		ADDED from AndroidManifest.xml:7:15
		INJECTED from AndroidManifest.xml:0:0
		INJECTED from AndroidManifest.xml:0:0
application
ADDED from AndroidManifest.xml:9:5
MERGED from com.android.support:support-v4:21.0.3:16:5
MERGED from com.android.support:recyclerview-v7:21.0.3:17:5
MERGED from com.android.support:support-v4:21.0.3:16:5
	android:label
		ADDED from AndroidManifest.xml:13:9
	android:allowBackup
		ADDED from AndroidManifest.xml:11:9
	android:icon
		ADDED from AndroidManifest.xml:12:9
	android:theme
		ADDED from AndroidManifest.xml:14:9
	android:name
		ADDED from AndroidManifest.xml:10:9
activity#com.yibu.kuaibu.app.LoadApp
ADDED from AndroidManifest.xml:15:9
	android:screenOrientation
		ADDED from AndroidManifest.xml:18:13
	android:configChanges
		ADDED from AndroidManifest.xml:17:13
	android:theme
		ADDED from AndroidManifest.xml:19:13
	android:name
		ADDED from AndroidManifest.xml:16:13
intent-filter#android.intent.action.MAIN+android.intent.category.LAUNCHER
ADDED from AndroidManifest.xml:20:13
action#android.intent.action.MAIN
ADDED from AndroidManifest.xml:21:17
	android:name
		ADDED from AndroidManifest.xml:21:25
category#android.intent.category.LAUNCHER
ADDED from AndroidManifest.xml:23:17
	android:name
		ADDED from AndroidManifest.xml:23:27
activity#com.yibu.kuaibu.app.Ma
ADDED from AndroidManifest.xml:28:9
	android:screenOrientation
		ADDED from AndroidManifest.xml:32:13
	android:configChanges
		ADDED from AndroidManifest.xml:30:13
	android:theme
		ADDED from AndroidManifest.xml:33:13
	android:name
		ADDED from AndroidManifest.xml:29:13
	android:launchMode
		ADDED from AndroidManifest.xml:31:13
activity#com.yibu.kuaibu.app.Yhlogin
ADDED from AndroidManifest.xml:36:9
	android:windowSoftInputMode
		ADDED from AndroidManifest.xml:42:13
	android:screenOrientation
		ADDED from AndroidManifest.xml:40:13
	android:configChanges
		ADDED from AndroidManifest.xml:38:13
	android:theme
		ADDED from AndroidManifest.xml:41:13
	android:name
		ADDED from AndroidManifest.xml:37:13
	android:launchMode
		ADDED from AndroidManifest.xml:39:13
activity#com.yibu.kuaibu.app.YhAbout
ADDED from AndroidManifest.xml:47:9
	android:screenOrientation
		ADDED from AndroidManifest.xml:51:13
	android:configChanges
		ADDED from AndroidManifest.xml:49:13
	android:theme
		ADDED from AndroidManifest.xml:52:13
	android:name
		ADDED from AndroidManifest.xml:48:13
	android:launchMode
		ADDED from AndroidManifest.xml:50:13
activity#com.yibu.kuaibu.app.YhMyCaigou
ADDED from AndroidManifest.xml:56:9
	android:screenOrientation
		ADDED from AndroidManifest.xml:60:13
	android:configChanges
		ADDED from AndroidManifest.xml:58:13
	android:theme
		ADDED from AndroidManifest.xml:61:13
	android:name
		ADDED from AndroidManifest.xml:57:13
	android:launchMode
		ADDED from AndroidManifest.xml:59:13
activity#com.yibu.kuaibu.app.YhMyCaigouDetail
ADDED from AndroidManifest.xml:65:9
	android:screenOrientation
		ADDED from AndroidManifest.xml:69:13
	android:configChanges
		ADDED from AndroidManifest.xml:67:13
	android:theme
		ADDED from AndroidManifest.xml:70:13
	android:name
		ADDED from AndroidManifest.xml:66:13
	android:launchMode
		ADDED from AndroidManifest.xml:68:13
activity#com.yibu.kuaibu.app.YhMyGongying
ADDED from AndroidManifest.xml:74:9
	android:screenOrientation
		ADDED from AndroidManifest.xml:78:13
	android:configChanges
		ADDED from AndroidManifest.xml:76:13
	android:theme
		ADDED from AndroidManifest.xml:79:13
	android:name
		ADDED from AndroidManifest.xml:75:13
	android:launchMode
		ADDED from AndroidManifest.xml:77:13
activity#com.yibu.kuaibu.app.YhMyGongyingDetail
ADDED from AndroidManifest.xml:81:9
	android:screenOrientation
		ADDED from AndroidManifest.xml:85:13
	android:configChanges
		ADDED from AndroidManifest.xml:83:13
	android:theme
		ADDED from AndroidManifest.xml:86:13
	android:name
		ADDED from AndroidManifest.xml:82:13
	android:launchMode
		ADDED from AndroidManifest.xml:84:13
activity#com.yibu.kuaibu.app.YhMyStore
ADDED from AndroidManifest.xml:90:9
	android:screenOrientation
		ADDED from AndroidManifest.xml:94:13
	android:configChanges
		ADDED from AndroidManifest.xml:92:13
	android:theme
		ADDED from AndroidManifest.xml:95:13
	android:name
		ADDED from AndroidManifest.xml:91:13
	android:launchMode
		ADDED from AndroidManifest.xml:93:13
activity#com.yibu.kuaibu.app.supply.AddPicture
ADDED from AndroidManifest.xml:97:9
	android:screenOrientation
		ADDED from AndroidManifest.xml:100:13
	android:configChanges
		ADDED from AndroidManifest.xml:99:13
	android:theme
		ADDED from AndroidManifest.xml:101:13
	android:name
		ADDED from AndroidManifest.xml:98:13
activity#com.yibu.kuaibu.app.supply.ImageShowActivity
ADDED from AndroidManifest.xml:104:9
	android:screenOrientation
		ADDED from AndroidManifest.xml:107:13
	android:configChanges
		ADDED from AndroidManifest.xml:106:13
	android:theme
		ADDED from AndroidManifest.xml:108:13
	android:name
		ADDED from AndroidManifest.xml:105:13
activity#com.yibu.kuaibu.app.supply.CheckSupply
ADDED from AndroidManifest.xml:111:9
	android:screenOrientation
		ADDED from AndroidManifest.xml:115:13
	android:configChanges
		ADDED from AndroidManifest.xml:113:13
	android:theme
		ADDED from AndroidManifest.xml:116:13
	android:name
		ADDED from AndroidManifest.xml:112:13
	android:launchMode
		ADDED from AndroidManifest.xml:114:13
activity#com.yibu.kuaibu.app.supply.SupplyDetails
ADDED from AndroidManifest.xml:119:9
	android:screenOrientation
		ADDED from AndroidManifest.xml:122:13
	android:configChanges
		ADDED from AndroidManifest.xml:121:13
	android:theme
		ADDED from AndroidManifest.xml:123:13
	android:name
		ADDED from AndroidManifest.xml:120:13
activity#com.yibu.kuaibu.app.supply.SupplyPublish
ADDED from AndroidManifest.xml:127:9
	android:screenOrientation
		ADDED from AndroidManifest.xml:131:13
	android:configChanges
		ADDED from AndroidManifest.xml:129:13
	android:theme
		ADDED from AndroidManifest.xml:132:13
	android:name
		ADDED from AndroidManifest.xml:128:13
	android:launchMode
		ADDED from AndroidManifest.xml:130:13
activity#com.yibu.kuaibu.app.caigou.CheckCaigou
ADDED from AndroidManifest.xml:135:9
	android:screenOrientation
		ADDED from AndroidManifest.xml:139:13
	android:configChanges
		ADDED from AndroidManifest.xml:137:13
	android:theme
		ADDED from AndroidManifest.xml:140:13
	android:name
		ADDED from AndroidManifest.xml:136:13
	android:launchMode
		ADDED from AndroidManifest.xml:138:13
activity#com.yibu.kuaibu.app.caigou.CaigouDetails
ADDED from AndroidManifest.xml:143:9
	android:screenOrientation
		ADDED from AndroidManifest.xml:146:13
	android:configChanges
		ADDED from AndroidManifest.xml:145:13
	android:theme
		ADDED from AndroidManifest.xml:147:13
	android:name
		ADDED from AndroidManifest.xml:144:13
activity#com.yibu.kuaibu.app.caigou.CaigouPublish
ADDED from AndroidManifest.xml:150:9
	android:screenOrientation
		ADDED from AndroidManifest.xml:154:13
	android:configChanges
		ADDED from AndroidManifest.xml:152:13
	android:theme
		ADDED from AndroidManifest.xml:155:13
	android:name
		ADDED from AndroidManifest.xml:151:13
	android:launchMode
		ADDED from AndroidManifest.xml:153:13
activity#com.yibu.kuaibu.app.supply.InputTitleName
ADDED from AndroidManifest.xml:158:9
	android:screenOrientation
		ADDED from AndroidManifest.xml:161:13
	android:configChanges
		ADDED from AndroidManifest.xml:160:13
	android:theme
		ADDED from AndroidManifest.xml:162:13
	android:name
		ADDED from AndroidManifest.xml:159:13
activity#com.yibu.kuaibu.app.supply.SortType
ADDED from AndroidManifest.xml:165:9
	android:screenOrientation
		ADDED from AndroidManifest.xml:168:13
	android:configChanges
		ADDED from AndroidManifest.xml:167:13
	android:theme
		ADDED from AndroidManifest.xml:169:13
	android:name
		ADDED from AndroidManifest.xml:166:13
activity#com.yibu.kuaibu.app.supply.ChoseTime
ADDED from AndroidManifest.xml:172:9
	android:screenOrientation
		ADDED from AndroidManifest.xml:175:13
	android:configChanges
		ADDED from AndroidManifest.xml:174:13
	android:theme
		ADDED from AndroidManifest.xml:176:13
	android:name
		ADDED from AndroidManifest.xml:173:13
activity#com.yibu.kuaibu.app.YhFindpass
ADDED from AndroidManifest.xml:178:9
	android:screenOrientation
		ADDED from AndroidManifest.xml:182:13
	android:configChanges
		ADDED from AndroidManifest.xml:180:13
	android:theme
		ADDED from AndroidManifest.xml:183:13
	android:name
		ADDED from AndroidManifest.xml:179:13
	android:launchMode
		ADDED from AndroidManifest.xml:181:13
activity#com.yibu.kuaibu.app.myCaigouAndSupply.MyCaigou
ADDED from AndroidManifest.xml:186:9
	android:screenOrientation
		ADDED from AndroidManifest.xml:190:13
	android:configChanges
		ADDED from AndroidManifest.xml:188:13
	android:theme
		ADDED from AndroidManifest.xml:191:13
	android:name
		ADDED from AndroidManifest.xml:187:13
	android:launchMode
		ADDED from AndroidManifest.xml:189:13
activity#com.yibu.kuaibu.app.YhShangCheng
ADDED from AndroidManifest.xml:193:9
	android:screenOrientation
		ADDED from AndroidManifest.xml:197:13
	android:configChanges
		ADDED from AndroidManifest.xml:195:13
	android:theme
		ADDED from AndroidManifest.xml:198:13
	android:name
		ADDED from AndroidManifest.xml:194:13
	android:launchMode
		ADDED from AndroidManifest.xml:196:13
activity#com.yibu.kuaibu.app.YhShangChengOne
ADDED from AndroidManifest.xml:200:9
	android:screenOrientation
		ADDED from AndroidManifest.xml:204:13
	android:configChanges
		ADDED from AndroidManifest.xml:202:13
	android:theme
		ADDED from AndroidManifest.xml:205:13
	android:name
		ADDED from AndroidManifest.xml:201:13
	android:launchMode
		ADDED from AndroidManifest.xml:203:13
activity#com.yibu.kuaibu.app.caigou.ReportPrice
ADDED from AndroidManifest.xml:209:9
	android:screenOrientation
		ADDED from AndroidManifest.xml:213:13
	android:configChanges
		ADDED from AndroidManifest.xml:211:13
	android:theme
		ADDED from AndroidManifest.xml:214:13
	android:name
		ADDED from AndroidManifest.xml:210:13
	android:launchMode
		ADDED from AndroidManifest.xml:212:13
activity#com.yibu.kuaibu.app.myCaigouAndSupply.MySupply
ADDED from AndroidManifest.xml:217:9
	android:screenOrientation
		ADDED from AndroidManifest.xml:221:13
	android:configChanges
		ADDED from AndroidManifest.xml:219:13
	android:theme
		ADDED from AndroidManifest.xml:222:13
	android:name
		ADDED from AndroidManifest.xml:218:13
	android:launchMode
		ADDED from AndroidManifest.xml:220:13
activity#com.yibu.kuaibu.app.YhRenzheng
ADDED from AndroidManifest.xml:226:9
	android:screenOrientation
		ADDED from AndroidManifest.xml:230:13
	android:configChanges
		ADDED from AndroidManifest.xml:228:13
	android:theme
		ADDED from AndroidManifest.xml:231:13
	android:name
		ADDED from AndroidManifest.xml:227:13
	android:launchMode
		ADDED from AndroidManifest.xml:229:13
activity#com.yibu.kuaibu.app.YhDeliveryAddress
ADDED from AndroidManifest.xml:235:9
	android:screenOrientation
		ADDED from AndroidManifest.xml:239:13
	android:configChanges
		ADDED from AndroidManifest.xml:237:13
	android:theme
		ADDED from AndroidManifest.xml:240:13
	android:name
		ADDED from AndroidManifest.xml:236:13
	android:launchMode
		ADDED from AndroidManifest.xml:238:13
activity#com.yibu.kuaibu.app.YhAddrmodify
ADDED from AndroidManifest.xml:244:9
	android:screenOrientation
		ADDED from AndroidManifest.xml:248:13
	android:configChanges
		ADDED from AndroidManifest.xml:246:13
	android:theme
		ADDED from AndroidManifest.xml:249:13
	android:name
		ADDED from AndroidManifest.xml:245:13
	android:launchMode
		ADDED from AndroidManifest.xml:247:13
activity#com.yibu.kuaibu.app.YhAddradd
ADDED from AndroidManifest.xml:253:9
	android:screenOrientation
		ADDED from AndroidManifest.xml:257:13
	android:configChanges
		ADDED from AndroidManifest.xml:255:13
	android:theme
		ADDED from AndroidManifest.xml:258:13
	android:name
		ADDED from AndroidManifest.xml:254:13
	android:launchMode
		ADDED from AndroidManifest.xml:256:13
activity#com.yibu.kuaibu.app.YhWodeDianpu
ADDED from AndroidManifest.xml:262:9
	android:screenOrientation
		ADDED from AndroidManifest.xml:266:13
	android:configChanges
		ADDED from AndroidManifest.xml:264:13
	android:theme
		ADDED from AndroidManifest.xml:267:13
	android:name
		ADDED from AndroidManifest.xml:263:13
	android:launchMode
		ADDED from AndroidManifest.xml:265:13
activity#com.yibu.kuaibu.app.YhCPXiangQing
ADDED from AndroidManifest.xml:271:9
	android:screenOrientation
		ADDED from AndroidManifest.xml:275:13
	android:configChanges
		ADDED from AndroidManifest.xml:273:13
	android:theme
		ADDED from AndroidManifest.xml:276:13
	android:name
		ADDED from AndroidManifest.xml:272:13
	android:launchMode
		ADDED from AndroidManifest.xml:274:13
activity#com.yibu.kuaibu.app.YhWodeOrder
ADDED from AndroidManifest.xml:281:9
	android:screenOrientation
		ADDED from AndroidManifest.xml:285:13
	android:configChanges
		ADDED from AndroidManifest.xml:283:13
	android:theme
		ADDED from AndroidManifest.xml:286:13
	android:name
		ADDED from AndroidManifest.xml:282:13
	android:launchMode
		ADDED from AndroidManifest.xml:284:13
activity#com.yibu.kuaibu.app.YhWodeOrderDetail
ADDED from AndroidManifest.xml:290:9
	android:screenOrientation
		ADDED from AndroidManifest.xml:294:13
	android:configChanges
		ADDED from AndroidManifest.xml:292:13
	android:theme
		ADDED from AndroidManifest.xml:295:13
	android:name
		ADDED from AndroidManifest.xml:291:13
	android:launchMode
		ADDED from AndroidManifest.xml:293:13
activity#com.yibu.kuaibu.app.YhPingjia
ADDED from AndroidManifest.xml:300:9
	android:screenOrientation
		ADDED from AndroidManifest.xml:304:13
	android:configChanges
		ADDED from AndroidManifest.xml:302:13
	android:theme
		ADDED from AndroidManifest.xml:305:13
	android:name
		ADDED from AndroidManifest.xml:301:13
	android:launchMode
		ADDED from AndroidManifest.xml:303:13
activity#com.yibu.kuaibu.app.YhOrderConfirm
ADDED from AndroidManifest.xml:310:9
	android:screenOrientation
		ADDED from AndroidManifest.xml:314:13
	android:configChanges
		ADDED from AndroidManifest.xml:312:13
	android:theme
		ADDED from AndroidManifest.xml:315:13
	android:name
		ADDED from AndroidManifest.xml:311:13
	android:launchMode
		ADDED from AndroidManifest.xml:313:13
activity#com.yibu.kuaibu.wxapi.WXEntryActivity
ADDED from AndroidManifest.xml:319:9
	android:screenOrientation
		ADDED from AndroidManifest.xml:322:13
	android:theme
		ADDED from AndroidManifest.xml:323:13
	android:exported
		ADDED from AndroidManifest.xml:321:13
	android:name
		ADDED from AndroidManifest.xml:320:13
activity#com.yibu.kuaibu.app.activity.LeiMuActivity
ADDED from AndroidManifest.xml:326:9
	android:screenOrientation
		ADDED from AndroidManifest.xml:327:13
	android:label
		ADDED from AndroidManifest.xml:328:13
	android:name
		ADDED from AndroidManifest.xml:326:19
activity#com.yibu.kuaibu.app.activity.GongYingActivity
ADDED from AndroidManifest.xml:331:9
	android:screenOrientation
		ADDED from AndroidManifest.xml:332:13
	android:label
		ADDED from AndroidManifest.xml:333:13
	android:name
		ADDED from AndroidManifest.xml:331:19
activity#com.yibu.kuaibu.app.activity.CaiGouActivity
ADDED from AndroidManifest.xml:336:9
	android:screenOrientation
		ADDED from AndroidManifest.xml:337:13
	android:label
		ADDED from AndroidManifest.xml:338:13
	android:name
		ADDED from AndroidManifest.xml:336:19
uses-permission#android.permission.GET_TASKS
ADDED from AndroidManifest.xml:342:5
	android:name
		ADDED from AndroidManifest.xml:342:22
uses-permission#android.permission.SYSTEM_ALERT_WINDOW
ADDED from AndroidManifest.xml:343:5
	android:name
		ADDED from AndroidManifest.xml:343:22
uses-permission#android.permission.INTERNET
ADDED from AndroidManifest.xml:344:5
	android:name
		ADDED from AndroidManifest.xml:344:22
uses-permission#android.permission.ACCESS_WIFI_STATE
ADDED from AndroidManifest.xml:345:5
	android:name
		ADDED from AndroidManifest.xml:345:22
uses-permission#android.permission.ACCESS_NETWORK_STATE
ADDED from AndroidManifest.xml:346:5
	android:name
		ADDED from AndroidManifest.xml:346:22
uses-permission#android.permission.WRITE_EXTERNAL_STORAGE
ADDED from AndroidManifest.xml:347:5
	android:name
		ADDED from AndroidManifest.xml:347:22
uses-permission#android.permission.READ_PHONE_STATE
ADDED from AndroidManifest.xml:348:5
	android:name
		ADDED from AndroidManifest.xml:348:22
uses-permission#android.permission.CAMERA
ADDED from AndroidManifest.xml:349:5
	android:name
		ADDED from AndroidManifest.xml:349:22
activity#android.support.v7.widget.TestActivity
ADDED from com.android.support:recyclerview-v7:21.0.3:18:9
	android:label
		ADDED from com.android.support:recyclerview-v7:21.0.3:18:19
	android:name
		ADDED from com.android.support:recyclerview-v7:21.0.3:18:60